{"__type":"$$EventMessageWorkflow","id":"226f0246-1058-4519-9f51-6b88722bf902","ts":"2025-06-22T08:54:41.161+00:00","eventName":"n8n.workflow.started","message":"n8n.workflow.started","payload":{"executionId":"135","workflowId":"GPT1EBRQhAAZIRLJ","isManual":false,"workflowName":"Render Service Heartbeat"}}
{"__type":"$$EventMessageConfirm","confirm":"226f0246-1058-4519-9f51-6b88722bf902","ts":"2025-06-22T08:54:41.162+00:00","source":{"id":"0","name":"eventBus"}}
{"__type":"$$EventMessageNode","id":"5e156cd1-1741-4037-875e-48ea5cca64c5","ts":"2025-06-22T08:54:41.163+00:00","eventName":"n8n.node.started","message":"n8n.node.started","payload":{"workflowId":"GPT1EBRQhAAZIRLJ","workflowName":"Render Service Heartbeat","executionId":"135","nodeType":"n8n-nodes-base.scheduleTrigger","nodeName":"Heartbeat Scheduler (Every 12 min)"}}
{"__type":"$$EventMessageConfirm","confirm":"5e156cd1-1741-4037-875e-48ea5cca64c5","ts":"2025-06-22T08:54:41.163+00:00","source":{"id":"0","name":"eventBus"}}
{"__type":"$$EventMessageNode","id":"f6080369-ddcb-4da9-be5b-7cafb8ab255f","ts":"2025-06-22T08:54:41.165+00:00","eventName":"n8n.node.finished","message":"n8n.node.finished","payload":{"workflowId":"GPT1EBRQhAAZIRLJ","workflowName":"Render Service Heartbeat","executionId":"135","nodeType":"n8n-nodes-base.scheduleTrigger","nodeName":"Heartbeat Scheduler (Every 12 min)"}}
{"__type":"$$EventMessageConfirm","confirm":"f6080369-ddcb-4da9-be5b-7cafb8ab255f","ts":"2025-06-22T08:54:41.165+00:00","source":{"id":"0","name":"eventBus"}}
{"__type":"$$EventMessageNode","id":"9ee8ef78-c807-4852-a79c-d330d36a8d25","ts":"2025-06-22T08:54:41.166+00:00","eventName":"n8n.node.started","message":"n8n.node.started","payload":{"workflowId":"GPT1EBRQhAAZIRLJ","workflowName":"Render Service Heartbeat","executionId":"135","nodeType":"n8n-nodes-base.httpRequest","nodeName":"Ping Render Healthcheck"}}
{"__type":"$$EventMessageConfirm","confirm":"9ee8ef78-c807-4852-a79c-d330d36a8d25","ts":"2025-06-22T08:54:41.166+00:00","source":{"id":"0","name":"eventBus"}}
{"__type":"$$EventMessageNode","id":"5f6d4c31-0987-40b7-b1a0-1b8f6c3dbfc1","ts":"2025-06-22T14:24:44.559+05:30","eventName":"n8n.node.finished","message":"n8n.node.finished","payload":{"workflowId":"GPT1EBRQhAAZIRLJ","workflowName":"Render Service Heartbeat","executionId":"135","nodeType":"n8n-nodes-base.httpRequest","nodeName":"Ping Render Healthcheck"}}
{"__type":"$$EventMessageConfirm","confirm":"5f6d4c31-0987-40b7-b1a0-1b8f6c3dbfc1","ts":"2025-06-22T14:24:44.582+05:30","source":{"id":"0","name":"eventBus"}}
{"__type":"$$EventMessageWorkflow","id":"013eadc2-fbba-44bb-8140-5ae9905b5172","ts":"2025-06-22T14:24:44.587+05:30","eventName":"n8n.workflow.failed","message":"n8n.workflow.failed","payload":{"executionId":"135","success":false,"isManual":false,"workflowId":"GPT1EBRQhAAZIRLJ","workflowName":"Render Service Heartbeat","lastNodeExecuted":"Ping Render Healthcheck","errorNodeType":"n8n-nodes-base.httpRequest","errorMessage":"Service unavailable - try again later or consider setting this node to retry automatically (in the node settings)"}}
{"__type":"$$EventMessageConfirm","confirm":"013eadc2-fbba-44bb-8140-5ae9905b5172","ts":"2025-06-22T14:24:44.587+05:30","source":{"id":"0","name":"eventBus"}}
{"__type":"$$EventMessageWorkflow","id":"ccbc187a-8055-43e0-b2ed-3fac2810d3a0","ts":"2025-06-22T14:36:41.159+05:30","eventName":"n8n.workflow.started","message":"n8n.workflow.started","payload":{"executionId":"136","workflowId":"GPT1EBRQhAAZIRLJ","isManual":false,"workflowName":"Render Service Heartbeat"}}
{"__type":"$$EventMessageConfirm","confirm":"ccbc187a-8055-43e0-b2ed-3fac2810d3a0","ts":"2025-06-22T14:36:41.160+05:30","source":{"id":"0","name":"eventBus"}}
{"__type":"$$EventMessageNode","id":"2c36f917-1f0e-46e9-8101-16cd956ea9b4","ts":"2025-06-22T14:36:41.161+05:30","eventName":"n8n.node.started","message":"n8n.node.started","payload":{"workflowId":"GPT1EBRQhAAZIRLJ","workflowName":"Render Service Heartbeat","executionId":"136","nodeType":"n8n-nodes-base.scheduleTrigger","nodeName":"Heartbeat Scheduler (Every 12 min)"}}
{"__type":"$$EventMessageConfirm","confirm":"2c36f917-1f0e-46e9-8101-16cd956ea9b4","ts":"2025-06-22T14:36:41.161+05:30","source":{"id":"0","name":"eventBus"}}
{"__type":"$$EventMessageNode","id":"b601cbf6-1a3c-4ce9-9b8a-3573d0c17b8a","ts":"2025-06-22T14:36:41.162+05:30","eventName":"n8n.node.finished","message":"n8n.node.finished","payload":{"workflowId":"GPT1EBRQhAAZIRLJ","workflowName":"Render Service Heartbeat","executionId":"136","nodeType":"n8n-nodes-base.scheduleTrigger","nodeName":"Heartbeat Scheduler (Every 12 min)"}}
{"__type":"$$EventMessageConfirm","confirm":"b601cbf6-1a3c-4ce9-9b8a-3573d0c17b8a","ts":"2025-06-22T14:36:41.162+05:30","source":{"id":"0","name":"eventBus"}}
{"__type":"$$EventMessageNode","id":"6cc9c2a9-fad9-418f-8e06-183456e379bb","ts":"2025-06-22T14:36:41.163+05:30","eventName":"n8n.node.started","message":"n8n.node.started","payload":{"workflowId":"GPT1EBRQhAAZIRLJ","workflowName":"Render Service Heartbeat","executionId":"136","nodeType":"n8n-nodes-base.httpRequest","nodeName":"Ping Render Healthcheck"}}
{"__type":"$$EventMessageConfirm","confirm":"6cc9c2a9-fad9-418f-8e06-183456e379bb","ts":"2025-06-22T14:36:41.163+05:30","source":{"id":"0","name":"eventBus"}}
{"__type":"$$EventMessageNode","id":"e2a50bb9-c082-4568-a737-e2b59b6a6095","ts":"2025-06-22T14:36:42.038+05:30","eventName":"n8n.node.finished","message":"n8n.node.finished","payload":{"workflowId":"GPT1EBRQhAAZIRLJ","workflowName":"Render Service Heartbeat","executionId":"136","nodeType":"n8n-nodes-base.httpRequest","nodeName":"Ping Render Healthcheck"}}
{"__type":"$$EventMessageConfirm","confirm":"e2a50bb9-c082-4568-a737-e2b59b6a6095","ts":"2025-06-22T14:36:42.074+05:30","source":{"id":"0","name":"eventBus"}}
{"__type":"$$EventMessageWorkflow","id":"75062cd3-8600-4e5c-b174-d016ba012386","ts":"2025-06-22T14:36:42.075+05:30","eventName":"n8n.workflow.success","message":"n8n.workflow.success","payload":{"executionId":"136","success":true,"isManual":false,"workflowId":"GPT1EBRQhAAZIRLJ","workflowName":"Render Service Heartbeat"}}
{"__type":"$$EventMessageConfirm","confirm":"75062cd3-8600-4e5c-b174-d016ba012386","ts":"2025-06-22T14:36:42.075+05:30","source":{"id":"0","name":"eventBus"}}
{"__type":"$$EventMessageWorkflow","id":"a2b736b8-28f7-45f2-bc52-a5c42ce9e4c0","ts":"2025-06-22T14:48:41.105+05:30","eventName":"n8n.workflow.started","message":"n8n.workflow.started","payload":{"executionId":"137","workflowId":"GPT1EBRQhAAZIRLJ","isManual":false,"workflowName":"Render Service Heartbeat"}}
{"__type":"$$EventMessageConfirm","confirm":"a2b736b8-28f7-45f2-bc52-a5c42ce9e4c0","ts":"2025-06-22T14:48:41.125+05:30","source":{"id":"0","name":"eventBus"}}
{"__type":"$$EventMessageNode","id":"94b3c585-ec8f-4b88-9fc0-214278cb387e","ts":"2025-06-22T14:48:41.125+05:30","eventName":"n8n.node.started","message":"n8n.node.started","payload":{"workflowId":"GPT1EBRQhAAZIRLJ","workflowName":"Render Service Heartbeat","executionId":"137","nodeType":"n8n-nodes-base.scheduleTrigger","nodeName":"Heartbeat Scheduler (Every 12 min)"}}
{"__type":"$$EventMessageConfirm","confirm":"94b3c585-ec8f-4b88-9fc0-214278cb387e","ts":"2025-06-22T14:48:41.125+05:30","source":{"id":"0","name":"eventBus"}}
{"__type":"$$EventMessageNode","id":"2e131feb-09bc-4682-9cbd-47fa425a6987","ts":"2025-06-22T14:48:41.126+05:30","eventName":"n8n.node.finished","message":"n8n.node.finished","payload":{"workflowId":"GPT1EBRQhAAZIRLJ","workflowName":"Render Service Heartbeat","executionId":"137","nodeType":"n8n-nodes-base.scheduleTrigger","nodeName":"Heartbeat Scheduler (Every 12 min)"}}
{"__type":"$$EventMessageConfirm","confirm":"2e131feb-09bc-4682-9cbd-47fa425a6987","ts":"2025-06-22T14:48:41.126+05:30","source":{"id":"0","name":"eventBus"}}
{"__type":"$$EventMessageNode","id":"26903f75-03ad-453a-b550-1c8a2547df39","ts":"2025-06-22T14:48:41.126+05:30","eventName":"n8n.node.started","message":"n8n.node.started","payload":{"workflowId":"GPT1EBRQhAAZIRLJ","workflowName":"Render Service Heartbeat","executionId":"137","nodeType":"n8n-nodes-base.httpRequest","nodeName":"Ping Render Healthcheck"}}
{"__type":"$$EventMessageConfirm","confirm":"26903f75-03ad-453a-b550-1c8a2547df39","ts":"2025-06-22T14:48:41.127+05:30","source":{"id":"0","name":"eventBus"}}
{"__type":"$$EventMessageNode","id":"b15c87e6-9415-4c86-86ba-53eece8377fb","ts":"2025-06-22T14:48:41.977+05:30","eventName":"n8n.node.finished","message":"n8n.node.finished","payload":{"workflowId":"GPT1EBRQhAAZIRLJ","workflowName":"Render Service Heartbeat","executionId":"137","nodeType":"n8n-nodes-base.httpRequest","nodeName":"Ping Render Healthcheck"}}
{"__type":"$$EventMessageConfirm","confirm":"b15c87e6-9415-4c86-86ba-53eece8377fb","ts":"2025-06-22T14:48:42.021+05:30","source":{"id":"0","name":"eventBus"}}
{"__type":"$$EventMessageWorkflow","id":"7abce072-2218-4e00-a077-af24eec01299","ts":"2025-06-22T14:48:42.023+05:30","eventName":"n8n.workflow.success","message":"n8n.workflow.success","payload":{"executionId":"137","success":true,"isManual":false,"workflowId":"GPT1EBRQhAAZIRLJ","workflowName":"Render Service Heartbeat"}}
{"__type":"$$EventMessageConfirm","confirm":"7abce072-2218-4e00-a077-af24eec01299","ts":"2025-06-22T14:48:42.023+05:30","source":{"id":"0","name":"eventBus"}}
{"__type":"$$EventMessageWorkflow","id":"f5d983d4-e14c-4a71-ab83-7ba4bc9d5239","ts":"2025-06-22T15:00:41.318+05:30","eventName":"n8n.workflow.started","message":"n8n.workflow.started","payload":{"executionId":"138","workflowId":"GPT1EBRQhAAZIRLJ","isManual":false,"workflowName":"Render Service Heartbeat"}}
{"__type":"$$EventMessageConfirm","confirm":"f5d983d4-e14c-4a71-ab83-7ba4bc9d5239","ts":"2025-06-22T15:00:41.318+05:30","source":{"id":"0","name":"eventBus"}}
{"__type":"$$EventMessageNode","id":"fe00f07b-1b96-4932-a05d-6520b8da0791","ts":"2025-06-22T15:00:41.319+05:30","eventName":"n8n.node.started","message":"n8n.node.started","payload":{"workflowId":"GPT1EBRQhAAZIRLJ","workflowName":"Render Service Heartbeat","executionId":"138","nodeType":"n8n-nodes-base.scheduleTrigger","nodeName":"Heartbeat Scheduler (Every 12 min)"}}
{"__type":"$$EventMessageConfirm","confirm":"fe00f07b-1b96-4932-a05d-6520b8da0791","ts":"2025-06-22T15:00:41.319+05:30","source":{"id":"0","name":"eventBus"}}
{"__type":"$$EventMessageNode","id":"d3b77765-8943-4eb9-b5f3-5e33ec492d4b","ts":"2025-06-22T15:00:41.319+05:30","eventName":"n8n.node.finished","message":"n8n.node.finished","payload":{"workflowId":"GPT1EBRQhAAZIRLJ","workflowName":"Render Service Heartbeat","executionId":"138","nodeType":"n8n-nodes-base.scheduleTrigger","nodeName":"Heartbeat Scheduler (Every 12 min)"}}
{"__type":"$$EventMessageConfirm","confirm":"d3b77765-8943-4eb9-b5f3-5e33ec492d4b","ts":"2025-06-22T15:00:41.320+05:30","source":{"id":"0","name":"eventBus"}}
{"__type":"$$EventMessageNode","id":"5fc32bbf-a65c-40fd-9b7e-0d82b837b1ae","ts":"2025-06-22T15:00:41.320+05:30","eventName":"n8n.node.started","message":"n8n.node.started","payload":{"workflowId":"GPT1EBRQhAAZIRLJ","workflowName":"Render Service Heartbeat","executionId":"138","nodeType":"n8n-nodes-base.httpRequest","nodeName":"Ping Render Healthcheck"}}
{"__type":"$$EventMessageConfirm","confirm":"5fc32bbf-a65c-40fd-9b7e-0d82b837b1ae","ts":"2025-06-22T15:00:41.320+05:30","source":{"id":"0","name":"eventBus"}}
{"__type":"$$EventMessageNode","id":"1ce194c8-b880-4771-88b0-aaece5f1c867","ts":"2025-06-22T15:00:42.275+05:30","eventName":"n8n.node.finished","message":"n8n.node.finished","payload":{"workflowId":"GPT1EBRQhAAZIRLJ","workflowName":"Render Service Heartbeat","executionId":"138","nodeType":"n8n-nodes-base.httpRequest","nodeName":"Ping Render Healthcheck"}}
{"__type":"$$EventMessageConfirm","confirm":"1ce194c8-b880-4771-88b0-aaece5f1c867","ts":"2025-06-22T15:00:42.322+05:30","source":{"id":"0","name":"eventBus"}}
{"__type":"$$EventMessageWorkflow","id":"48aac4a8-da11-4150-a88a-cdc700a4b283","ts":"2025-06-22T15:00:42.322+05:30","eventName":"n8n.workflow.success","message":"n8n.workflow.success","payload":{"executionId":"138","success":true,"isManual":false,"workflowId":"GPT1EBRQhAAZIRLJ","workflowName":"Render Service Heartbeat"}}
{"__type":"$$EventMessageConfirm","confirm":"48aac4a8-da11-4150-a88a-cdc700a4b283","ts":"2025-06-22T15:00:42.322+05:30","source":{"id":"0","name":"eventBus"}}
{"__type":"$$EventMessageWorkflow","id":"ce556376-da08-425c-b9f5-a08ac9405bd6","ts":"2025-06-22T15:12:41.931+05:30","eventName":"n8n.workflow.started","message":"n8n.workflow.started","payload":{"executionId":"139","workflowId":"GPT1EBRQhAAZIRLJ","isManual":false,"workflowName":"Render Service Heartbeat"}}
{"__type":"$$EventMessageConfirm","confirm":"ce556376-da08-425c-b9f5-a08ac9405bd6","ts":"2025-06-22T15:12:41.958+05:30","source":{"id":"0","name":"eventBus"}}
{"__type":"$$EventMessageNode","id":"6d051149-e888-4a2b-8639-631372eab29c","ts":"2025-06-22T15:12:41.959+05:30","eventName":"n8n.node.started","message":"n8n.node.started","payload":{"workflowId":"GPT1EBRQhAAZIRLJ","workflowName":"Render Service Heartbeat","executionId":"139","nodeType":"n8n-nodes-base.scheduleTrigger","nodeName":"Heartbeat Scheduler (Every 12 min)"}}
{"__type":"$$EventMessageConfirm","confirm":"6d051149-e888-4a2b-8639-631372eab29c","ts":"2025-06-22T15:12:41.959+05:30","source":{"id":"0","name":"eventBus"}}
{"__type":"$$EventMessageNode","id":"39ee7446-601b-46a1-b511-57e43c6ec7a5","ts":"2025-06-22T15:12:42.004+05:30","eventName":"n8n.node.finished","message":"n8n.node.finished","payload":{"workflowId":"GPT1EBRQhAAZIRLJ","workflowName":"Render Service Heartbeat","executionId":"139","nodeType":"n8n-nodes-base.scheduleTrigger","nodeName":"Heartbeat Scheduler (Every 12 min)"}}
{"__type":"$$EventMessageConfirm","confirm":"39ee7446-601b-46a1-b511-57e43c6ec7a5","ts":"2025-06-22T15:12:42.004+05:30","source":{"id":"0","name":"eventBus"}}
{"__type":"$$EventMessageNode","id":"e16fd2d7-a1a1-4061-908d-9e27226f0bf9","ts":"2025-06-22T15:12:42.005+05:30","eventName":"n8n.node.started","message":"n8n.node.started","payload":{"workflowId":"GPT1EBRQhAAZIRLJ","workflowName":"Render Service Heartbeat","executionId":"139","nodeType":"n8n-nodes-base.httpRequest","nodeName":"Ping Render Healthcheck"}}
{"__type":"$$EventMessageConfirm","confirm":"e16fd2d7-a1a1-4061-908d-9e27226f0bf9","ts":"2025-06-22T15:12:42.005+05:30","source":{"id":"0","name":"eventBus"}}
{"__type":"$$EventMessageNode","id":"b2c058ca-b54d-4b6d-ac23-1afbbe7d99a2","ts":"2025-06-22T15:12:44.322+05:30","eventName":"n8n.node.finished","message":"n8n.node.finished","payload":{"workflowId":"GPT1EBRQhAAZIRLJ","workflowName":"Render Service Heartbeat","executionId":"139","nodeType":"n8n-nodes-base.httpRequest","nodeName":"Ping Render Healthcheck"}}
{"__type":"$$EventMessageConfirm","confirm":"b2c058ca-b54d-4b6d-ac23-1afbbe7d99a2","ts":"2025-06-22T15:12:44.415+05:30","source":{"id":"0","name":"eventBus"}}
{"__type":"$$EventMessageWorkflow","id":"41a48912-d321-423f-b16a-6e6370fa17b4","ts":"2025-06-22T15:12:44.464+05:30","eventName":"n8n.workflow.success","message":"n8n.workflow.success","payload":{"executionId":"139","success":true,"isManual":false,"workflowId":"GPT1EBRQhAAZIRLJ","workflowName":"Render Service Heartbeat"}}
{"__type":"$$EventMessageConfirm","confirm":"41a48912-d321-423f-b16a-6e6370fa17b4","ts":"2025-06-22T15:12:44.465+05:30","source":{"id":"0","name":"eventBus"}}
{"__type":"$$EventMessageWorkflow","id":"4ea5e755-0876-435e-907e-6bcfd3e82657","ts":"2025-06-22T15:24:43.561+05:30","eventName":"n8n.workflow.started","message":"n8n.workflow.started","payload":{"executionId":"140","workflowId":"GPT1EBRQhAAZIRLJ","isManual":false,"workflowName":"Render Service Heartbeat"}}
{"__type":"$$EventMessageConfirm","confirm":"4ea5e755-0876-435e-907e-6bcfd3e82657","ts":"2025-06-22T15:24:43.748+05:30","source":{"id":"0","name":"eventBus"}}
{"__type":"$$EventMessageNode","id":"04389eee-bed1-40b0-a7d8-bea648c32a48","ts":"2025-06-22T15:24:43.821+05:30","eventName":"n8n.node.started","message":"n8n.node.started","payload":{"workflowId":"GPT1EBRQhAAZIRLJ","workflowName":"Render Service Heartbeat","executionId":"140","nodeType":"n8n-nodes-base.scheduleTrigger","nodeName":"Heartbeat Scheduler (Every 12 min)"}}
{"__type":"$$EventMessageConfirm","confirm":"04389eee-bed1-40b0-a7d8-bea648c32a48","ts":"2025-06-22T15:24:43.821+05:30","source":{"id":"0","name":"eventBus"}}
{"__type":"$$EventMessageNode","id":"fddc6274-c7f7-4b2c-86ec-d997fc7e9c56","ts":"2025-06-22T15:24:43.863+05:30","eventName":"n8n.node.finished","message":"n8n.node.finished","payload":{"workflowId":"GPT1EBRQhAAZIRLJ","workflowName":"Render Service Heartbeat","executionId":"140","nodeType":"n8n-nodes-base.scheduleTrigger","nodeName":"Heartbeat Scheduler (Every 12 min)"}}
{"__type":"$$EventMessageConfirm","confirm":"fddc6274-c7f7-4b2c-86ec-d997fc7e9c56","ts":"2025-06-22T15:24:43.866+05:30","source":{"id":"0","name":"eventBus"}}
{"__type":"$$EventMessageNode","id":"3ec310dd-0f57-4b0b-940f-906093c0b8cd","ts":"2025-06-22T15:24:43.908+05:30","eventName":"n8n.node.started","message":"n8n.node.started","payload":{"workflowId":"GPT1EBRQhAAZIRLJ","workflowName":"Render Service Heartbeat","executionId":"140","nodeType":"n8n-nodes-base.httpRequest","nodeName":"Ping Render Healthcheck"}}
{"__type":"$$EventMessageConfirm","confirm":"3ec310dd-0f57-4b0b-940f-906093c0b8cd","ts":"2025-06-22T15:24:43.908+05:30","source":{"id":"0","name":"eventBus"}}
{"__type":"$$EventMessageNode","id":"a1fb0e6f-00e0-42a6-b502-ab2288f4016f","ts":"2025-06-22T15:24:50.207+05:30","eventName":"n8n.node.finished","message":"n8n.node.finished","payload":{"workflowId":"GPT1EBRQhAAZIRLJ","workflowName":"Render Service Heartbeat","executionId":"140","nodeType":"n8n-nodes-base.httpRequest","nodeName":"Ping Render Healthcheck"}}
{"__type":"$$EventMessageConfirm","confirm":"a1fb0e6f-00e0-42a6-b502-ab2288f4016f","ts":"2025-06-22T15:24:50.350+05:30","source":{"id":"0","name":"eventBus"}}
{"__type":"$$EventMessageWorkflow","id":"06adbfbd-c6ba-4dd0-b93d-1039745a91c3","ts":"2025-06-22T15:24:50.402+05:30","eventName":"n8n.workflow.success","message":"n8n.workflow.success","payload":{"executionId":"140","success":true,"isManual":false,"workflowId":"GPT1EBRQhAAZIRLJ","workflowName":"Render Service Heartbeat"}}
{"__type":"$$EventMessageConfirm","confirm":"06adbfbd-c6ba-4dd0-b93d-1039745a91c3","ts":"2025-06-22T15:24:50.460+05:30","source":{"id":"0","name":"eventBus"}}
