{"__type":"$$EventMessageWorkflow","id":"57a8ad87-048b-49cf-bc62-aa358918f0c9","ts":"2025-06-22T16:54:56.093+00:00","eventName":"n8n.workflow.started","message":"n8n.workflow.started","payload":{"executionId":"142","workflowId":"GPT1EBRQhAAZIRLJ","isManual":false,"workflowName":"Render Service Heartbeat"}}
{"__type":"$$EventMessageConfirm","confirm":"57a8ad87-048b-49cf-bc62-aa358918f0c9","ts":"2025-06-22T16:54:56.097+00:00","source":{"id":"0","name":"eventBus"}}
{"__type":"$$EventMessageNode","id":"708539bf-1077-46eb-ad8c-20987e26d163","ts":"2025-06-22T16:54:56.098+00:00","eventName":"n8n.node.started","message":"n8n.node.started","payload":{"workflowId":"GPT1EBRQhAAZIRLJ","workflowName":"Render Service Heartbeat","executionId":"142","nodeType":"n8n-nodes-base.scheduleTrigger","nodeName":"Heartbeat Scheduler (Every 12 min)"}}
{"__type":"$$EventMessageConfirm","confirm":"708539bf-1077-46eb-ad8c-20987e26d163","ts":"2025-06-22T16:54:56.098+00:00","source":{"id":"0","name":"eventBus"}}
{"__type":"$$EventMessageNode","id":"1dd4e5f5-9322-47d5-885c-3c5ff69a9adc","ts":"2025-06-22T16:54:56.100+00:00","eventName":"n8n.node.finished","message":"n8n.node.finished","payload":{"workflowId":"GPT1EBRQhAAZIRLJ","workflowName":"Render Service Heartbeat","executionId":"142","nodeType":"n8n-nodes-base.scheduleTrigger","nodeName":"Heartbeat Scheduler (Every 12 min)"}}
{"__type":"$$EventMessageConfirm","confirm":"1dd4e5f5-9322-47d5-885c-3c5ff69a9adc","ts":"2025-06-22T16:54:56.100+00:00","source":{"id":"0","name":"eventBus"}}
{"__type":"$$EventMessageNode","id":"ca4a7a79-252b-4d64-b326-8ebeceb83edd","ts":"2025-06-22T16:54:56.100+00:00","eventName":"n8n.node.started","message":"n8n.node.started","payload":{"workflowId":"GPT1EBRQhAAZIRLJ","workflowName":"Render Service Heartbeat","executionId":"142","nodeType":"n8n-nodes-base.httpRequest","nodeName":"Ping Render Healthcheck"}}
{"__type":"$$EventMessageConfirm","confirm":"ca4a7a79-252b-4d64-b326-8ebeceb83edd","ts":"2025-06-22T16:54:56.100+00:00","source":{"id":"0","name":"eventBus"}}
{"__type":"$$EventMessageNode","id":"1aa8e191-b059-4eb7-8d19-cd7c46d24caf","ts":"2025-06-22T22:24:57.370+05:30","eventName":"n8n.node.finished","message":"n8n.node.finished","payload":{"workflowId":"GPT1EBRQhAAZIRLJ","workflowName":"Render Service Heartbeat","executionId":"142","nodeType":"n8n-nodes-base.httpRequest","nodeName":"Ping Render Healthcheck"}}
{"__type":"$$EventMessageConfirm","confirm":"1aa8e191-b059-4eb7-8d19-cd7c46d24caf","ts":"2025-06-22T22:24:57.370+05:30","source":{"id":"0","name":"eventBus"}}
{"__type":"$$EventMessageWorkflow","id":"feea230a-2789-4966-ab6d-cdc77dad7939","ts":"2025-06-22T22:24:57.375+05:30","eventName":"n8n.workflow.failed","message":"n8n.workflow.failed","payload":{"executionId":"142","success":false,"isManual":false,"workflowId":"GPT1EBRQhAAZIRLJ","workflowName":"Render Service Heartbeat","lastNodeExecuted":"Ping Render Healthcheck","errorNodeType":"n8n-nodes-base.httpRequest","errorMessage":"Service unavailable - try again later or consider setting this node to retry automatically (in the node settings)"}}
{"__type":"$$EventMessageConfirm","confirm":"feea230a-2789-4966-ab6d-cdc77dad7939","ts":"2025-06-22T22:24:57.375+05:30","source":{"id":"0","name":"eventBus"}}
{"__type":"$$EventMessageAudit","id":"97068b6c-d043-405b-bfa0-308f640b24e5","ts":"2025-06-22T22:27:32.088+05:30","eventName":"n8n.audit.user.login.failed","message":"n8n.audit.user.login.failed","payload":{"authenticationMethod":"email","userEmail":"sutharsansparkz@gmail.com","reason":"wrong credentials"}}
{"__type":"$$EventMessageConfirm","confirm":"97068b6c-d043-405b-bfa0-308f640b24e5","ts":"2025-06-22T22:27:32.088+05:30","source":{"id":"0","name":"eventBus"}}
{"__type":"$$EventMessageAudit","id":"8d2f3c9d-a057-4686-9044-9e8874068750","ts":"2025-06-22T22:27:40.582+05:30","eventName":"n8n.audit.user.login.success","message":"n8n.audit.user.login.success","payload":{"userId":"7ada4897-35c1-4450-b331-3a0c3d3dd8b2","_email":"sutharsansparkz@gmail.com","_firstName":"Sutharsan","_lastName":"G","globalRole":"global:owner","authenticationMethod":"email"}}
{"__type":"$$EventMessageConfirm","confirm":"8d2f3c9d-a057-4686-9044-9e8874068750","ts":"2025-06-22T22:27:40.583+05:30","source":{"id":"0","name":"eventBus"}}
{"__type":"$$EventMessageWorkflow","id":"72b015ea-f7f0-4e39-a5a8-2e7b7ee748fc","ts":"2025-06-22T22:36:56.092+05:30","eventName":"n8n.workflow.started","message":"n8n.workflow.started","payload":{"executionId":"143","workflowId":"GPT1EBRQhAAZIRLJ","isManual":false,"workflowName":"Render Service Heartbeat"}}
{"__type":"$$EventMessageConfirm","confirm":"72b015ea-f7f0-4e39-a5a8-2e7b7ee748fc","ts":"2025-06-22T22:36:56.092+05:30","source":{"id":"0","name":"eventBus"}}
{"__type":"$$EventMessageNode","id":"8a25f4fd-c4d2-4e2e-a390-50c2bc6ffb45","ts":"2025-06-22T22:36:56.093+05:30","eventName":"n8n.node.started","message":"n8n.node.started","payload":{"workflowId":"GPT1EBRQhAAZIRLJ","workflowName":"Render Service Heartbeat","executionId":"143","nodeType":"n8n-nodes-base.scheduleTrigger","nodeName":"Heartbeat Scheduler (Every 12 min)"}}
{"__type":"$$EventMessageConfirm","confirm":"8a25f4fd-c4d2-4e2e-a390-50c2bc6ffb45","ts":"2025-06-22T22:36:56.093+05:30","source":{"id":"0","name":"eventBus"}}
{"__type":"$$EventMessageNode","id":"05ef2803-bc5d-47a5-a9bc-f811a71efc18","ts":"2025-06-22T22:36:56.093+05:30","eventName":"n8n.node.finished","message":"n8n.node.finished","payload":{"workflowId":"GPT1EBRQhAAZIRLJ","workflowName":"Render Service Heartbeat","executionId":"143","nodeType":"n8n-nodes-base.scheduleTrigger","nodeName":"Heartbeat Scheduler (Every 12 min)"}}
{"__type":"$$EventMessageConfirm","confirm":"05ef2803-bc5d-47a5-a9bc-f811a71efc18","ts":"2025-06-22T22:36:56.093+05:30","source":{"id":"0","name":"eventBus"}}
{"__type":"$$EventMessageNode","id":"0a1e40e8-557a-4ea1-9896-2a7ccf8ca1fa","ts":"2025-06-22T22:36:56.094+05:30","eventName":"n8n.node.started","message":"n8n.node.started","payload":{"workflowId":"GPT1EBRQhAAZIRLJ","workflowName":"Render Service Heartbeat","executionId":"143","nodeType":"n8n-nodes-base.httpRequest","nodeName":"Ping Render Healthcheck"}}
{"__type":"$$EventMessageConfirm","confirm":"0a1e40e8-557a-4ea1-9896-2a7ccf8ca1fa","ts":"2025-06-22T22:36:56.094+05:30","source":{"id":"0","name":"eventBus"}}
{"__type":"$$EventMessageNode","id":"dc4d7f13-7477-4855-8d2a-8cfd20e6dc8e","ts":"2025-06-22T22:36:56.496+05:30","eventName":"n8n.node.finished","message":"n8n.node.finished","payload":{"workflowId":"GPT1EBRQhAAZIRLJ","workflowName":"Render Service Heartbeat","executionId":"143","nodeType":"n8n-nodes-base.httpRequest","nodeName":"Ping Render Healthcheck"}}
{"__type":"$$EventMessageConfirm","confirm":"dc4d7f13-7477-4855-8d2a-8cfd20e6dc8e","ts":"2025-06-22T22:36:56.496+05:30","source":{"id":"0","name":"eventBus"}}
{"__type":"$$EventMessageWorkflow","id":"8d136087-8663-4cd0-ba05-1934800cf313","ts":"2025-06-22T22:36:56.496+05:30","eventName":"n8n.workflow.success","message":"n8n.workflow.success","payload":{"executionId":"143","success":true,"isManual":false,"workflowId":"GPT1EBRQhAAZIRLJ","workflowName":"Render Service Heartbeat"}}
{"__type":"$$EventMessageConfirm","confirm":"8d136087-8663-4cd0-ba05-1934800cf313","ts":"2025-06-22T22:36:56.496+05:30","source":{"id":"0","name":"eventBus"}}
